<?xml version="1.0" encoding="UTF-8"?>
<testsuite name="edu.washu.bank.core.BankTest" tests="2" skipped="0" failures="0" errors="0" timestamp="2026-03-06T00:38:52.151Z" hostname="DESKTOP-KIHNSQL" time="0.024">
  <properties/>
  <testcase name="nextAccountIdStartsAtOneAndIncrements()" classname="edu.washu.bank.core.BankTest" time="0.011"/>
  <testcase name="addCustomerAndSaveAccountAreRetrievable()" classname="edu.washu.bank.core.BankTest" time="0.002"/>
  <system-out><![CDATA[]]></system-out>
  <system-err><![CDATA[]]></system-err>
</testsuite>
