<?xml version="1.0" encoding="UTF-8"?>
<testsuite name="edu.washu.bank.service.AccountServiceTest" tests="5" skipped="0" failures="0" errors="0" timestamp="2026-03-06T00:38:52.177Z" hostname="DESKTOP-KIHNSQL" time="0.007">
  <properties/>
  <testcase name="createAdditionalAccountWithNegativeDepositThrows()" classname="edu.washu.bank.service.AccountServiceTest" time="0.002"/>
  <testcase name="createAdditionalAccountForExistingCustomerSucceeds()" classname="edu.washu.bank.service.AccountServiceTest" time="0.001"/>
  <testcase name="createMultipleAccountsUsesDeterministicSequentialIds()" classname="edu.washu.bank.service.AccountServiceTest" time="0.0"/>
  <testcase name="createAdditionalAccountAddsAccountToCustomer()" classname="edu.washu.bank.service.AccountServiceTest" time="0.001"/>
  <testcase name="createAdditionalAccountForMissingCustomerThrows()" classname="edu.washu.bank.service.AccountServiceTest" time="0.001"/>
  <system-out><![CDATA[]]></system-out>
  <system-err><![CDATA[]]></system-err>
</testsuite>
